<?xml version="1.0" encoding="UTF-8" ?>
<testsuite failures="1" time="0.778" errors="0" skipped="0" tests="1" name="cn.dev.youngsmith.stockanalysis.StockParserTest">
  <properties>
    <property name="java.runtime.name" value="Java(TM) SE Runtime Environment"/>
    <property name="sun.boot.library.path" value="C:\Program Files\Java\jdk1.7.0_80\jre\bin"/>
    <property name="java.vm.version" value="24.80-b11"/>
    <property name="java.vm.vendor" value="Oracle Corporation"/>
    <property name="maven.multiModuleProjectDirectory" value="C:\Users\sy\workspace-javaEE\stockanalysis"/>
    <property name="java.vendor.url" value="http://java.oracle.com/"/>
    <property name="path.separator" value=";"/>
    <property name="guice.disable.misplaced.annotation.check" value="true"/>
    <property name="java.vm.name" value="Java HotSpot(TM) 64-Bit Server VM"/>
    <property name="file.encoding.pkg" value="sun.io"/>
    <property name="user.script" value=""/>
    <property name="user.country" value="CN"/>
    <property name="sun.java.launcher" value="SUN_STANDARD"/>
    <property name="sun.os.patch.level" value=""/>
    <property name="java.vm.specification.name" value="Java Virtual Machine Specification"/>
    <property name="user.dir" value="C:\Users\sy\workspace-javaEE\stockanalysis"/>
    <property name="java.runtime.version" value="1.7.0_80-b15"/>
    <property name="java.awt.graphicsenv" value="sun.awt.Win32GraphicsEnvironment"/>
    <property name="java.endorsed.dirs" value="C:\Program Files\Java\jdk1.7.0_80\jre\lib\endorsed"/>
    <property name="os.arch" value="amd64"/>
    <property name="java.io.tmpdir" value="C:\Users\sy\AppData\Local\Temp\"/>
    <property name="line.separator" value="
"/>
    <property name="java.vm.specification.vendor" value="Oracle Corporation"/>
    <property name="user.variant" value=""/>
    <property name="os.name" value="Windows 8.1"/>
    <property name="classworlds.conf" value="C:\Users\sy\workspace-javaEE\.metadata\.plugins\org.eclipse.m2e.launching\launches\m2conf8518382881525324407.tmp"/>
    <property name="sun.jnu.encoding" value="GBK"/>
    <property name="java.library.path" value="C:\Program Files\Java\jdk1.7.0_80\jre\bin;C:\Windows\Sun\Java\bin;C:\Windows\system32;C:\Windows;C:\Windows\system32;C:\Windows;C:\Windows\System32\Wbem;C:\Windows\System32\WindowsPowerShell\v1.0\;C:\Program Files\TortoiseSVN\bin;C:\Program Files\Java\jdk1.7.0_80\bin;C:\Program Files\apache-maven-3.3.9\bin;C:\Program Files (x86)\IDM Computer Solutions\UltraEdit;C:\Program Files\IDM Computer Solutions\UltraCompare;C:\Program Files\nodejs\;C:\Program Files\Git\cmd;C:\Program Files\Git\bin;C:\Users\sy\AppData\Local\Programs\Python\Python36-32\Scripts\;C:\Users\sy\AppData\Local\Programs\Python\Python36-32\;C:\Users\sy\AppData\Local\Microsoft\WindowsApps;C:\Program Files\apache-maven-3.1.0\bin;C:\Users\sy\AppData\Roaming\npm;."/>
    <property name="java.specification.name" value="Java Platform API Specification"/>
    <property name="java.class.version" value="51.0"/>
    <property name="sun.management.compiler" value="HotSpot 64-Bit Tiered Compilers"/>
    <property name="os.version" value="6.3"/>
    <property name="user.home" value="C:\Users\sy"/>
    <property name="user.timezone" value="Asia/Shanghai"/>
    <property name="java.awt.printerjob" value="sun.awt.windows.WPrinterJob"/>
    <property name="java.specification.version" value="1.7"/>
    <property name="file.encoding" value="GBK"/>
    <property name="user.name" value="sy"/>
    <property name="java.class.path" value="/C:/InternetWare/SoftWare/eclipse-jee-mars-2-win32-x86_64/eclipse/plugins/org.eclipse.m2e.maven.runtime_1.6.3.20160209-1444/jars/plexus-classworlds-2.5.2.jar"/>
    <property name="java.vm.specification.version" value="1.7"/>
    <property name="sun.arch.data.model" value="64"/>
    <property name="java.home" value="C:\Program Files\Java\jdk1.7.0_80\jre"/>
    <property name="sun.java.command" value="org.codehaus.plexus.classworlds.launcher.Launcher -B install"/>
    <property name="java.specification.vendor" value="Oracle Corporation"/>
    <property name="user.language" value="zh"/>
    <property name="awt.toolkit" value="sun.awt.windows.WToolkit"/>
    <property name="java.vm.info" value="mixed mode"/>
    <property name="java.version" value="1.7.0_80"/>
    <property name="java.ext.dirs" value="C:\Program Files\Java\jdk1.7.0_80\jre\lib\ext;C:\Windows\Sun\Java\lib\ext"/>
    <property name="sun.boot.class.path" value="C:\Program Files\Java\jdk1.7.0_80\jre\lib\resources.jar;C:\Program Files\Java\jdk1.7.0_80\jre\lib\rt.jar;C:\Program Files\Java\jdk1.7.0_80\jre\lib\sunrsasign.jar;C:\Program Files\Java\jdk1.7.0_80\jre\lib\jsse.jar;C:\Program Files\Java\jdk1.7.0_80\jre\lib\jce.jar;C:\Program Files\Java\jdk1.7.0_80\jre\lib\charsets.jar;C:\Program Files\Java\jdk1.7.0_80\jre\lib\jfr.jar;C:\Program Files\Java\jdk1.7.0_80\jre\classes"/>
    <property name="java.vendor" value="Oracle Corporation"/>
    <property name="maven.home" value="C:\Users\sy\workspace-javaEE\stockanalysis\EMBEDDED"/>
    <property name="file.separator" value="\"/>
    <property name="java.vendor.url.bug" value="http://bugreport.sun.com/bugreport/"/>
    <property name="sun.cpu.endian" value="little"/>
    <property name="sun.io.unicode.encoding" value="UnicodeLittle"/>
    <property name="sun.desktop" value="windows"/>
    <property name="sun.cpu.isalist" value="amd64"/>
  </properties>
  <testcase time="0.778" classname="cn.dev.youngsmith.stockanalysis.StockParserTest" name="cn.dev.youngsmith.stockanalysis.StockParserTest.testParser">
    <failure message="org/junit/Assert" type="java.lang.NoClassDefFoundError">java.lang.NoClassDefFoundError: org/junit/Assert
	at cn.dev.youngsmith.stockanalysis.StockParserTest.testParser(StockParserTest.java:55)
Caused by: java.lang.ClassNotFoundException: org.junit.Assert
	at java.net.URLClassLoader$1.run(URLClassLoader.java:366)
	at java.net.URLClassLoader$1.run(URLClassLoader.java:355)
	at java.security.AccessController.doPrivileged(Native Method)
	at java.net.URLClassLoader.findClass(URLClassLoader.java:354)
	at java.lang.ClassLoader.loadClass(ClassLoader.java:425)
	at sun.misc.Launcher$AppClassLoader.loadClass(Launcher.java:308)
	at java.lang.ClassLoader.loadClass(ClassLoader.java:358)
	... 19 more
</failure>
    <system-out>[{&quot;data&quot;:{&quot;buyFive&quot;:&quot;25700&quot;,&quot;buyFivePri&quot;:&quot;16.650&quot;,&quot;buyFour&quot;:&quot;20500&quot;,&quot;buyFourPri&quot;:&quot;16.700&quot;,&quot;buyOne&quot;:&quot;5500&quot;,&quot;buyOnePri&quot;:&quot;16.750&quot;,&quot;buyThree&quot;:&quot;1700&quot;,&quot;buyThreePri&quot;:&quot;16.710&quot;,&quot;buyTwo&quot;:&quot;500&quot;,&quot;buyTwoPri&quot;:&quot;16.730&quot;,&quot;competitivePri&quot;:&quot;16.750&quot;,&quot;date&quot;:&quot;2017-03-10&quot;,&quot;gid&quot;:&quot;sh601311&quot;,&quot;increPer&quot;:&quot;0.18&quot;,&quot;increase&quot;:&quot;0.030&quot;,&quot;name&quot;:&quot;骆驼股份&quot;,&quot;nowPri&quot;:&quot;16.780&quot;,&quot;reservePri&quot;:&quot;16.780&quot;,&quot;sellFive&quot;:&quot;2300&quot;,&quot;sellFivePri&quot;:&quot;16.850&quot;,&quot;sellFour&quot;:&quot;6700&quot;,&quot;sellFourPri&quot;:&quot;16.840&quot;,&quot;sellOne&quot;:&quot;800&quot;,&quot;sellOnePri&quot;:&quot;16.780&quot;,&quot;sellThree&quot;:&quot;8800&quot;,&quot;sellThreePri&quot;:&quot;16.830&quot;,&quot;sellTwo&quot;:&quot;900&quot;,&quot;sellTwoPri&quot;:&quot;16.790&quot;,&quot;time&quot;:&quot;09:31:04&quot;,&quot;todayMax&quot;:&quot;16.850&quot;,&quot;todayMin&quot;:&quot;16.780&quot;,&quot;todayStartPri&quot;:&quot;16.850&quot;,&quot;traAmount&quot;:&quot;630705.000&quot;,&quot;traNumber&quot;:&quot;375&quot;,&quot;yestodEndPri&quot;:&quot;16.750&quot;},&quot;dapandata&quot;:{&quot;dot&quot;:&quot;16.780&quot;,&quot;name&quot;:&quot;骆驼股份&quot;,&quot;nowPic&quot;:&quot;0.030&quot;,&quot;rate&quot;:&quot;0.18&quot;,&quot;traAmount&quot;:&quot;63&quot;,&quot;traNumber&quot;:&quot;375&quot;},&quot;gopicture&quot;:{&quot;minurl&quot;:&quot;http://image.sinajs.cn/newchart/min/n/sh601311.gif&quot;,&quot;dayurl&quot;:&quot;http://image.sinajs.cn/newchart/daily/n/sh601311.gif&quot;,&quot;weekurl&quot;:&quot;http://image.sinajs.cn/newchart/weekly/n/sh601311.gif&quot;,&quot;monthurl&quot;:&quot;http://image.sinajs.cn/newchart/monthly/n/sh601311.gif&quot;}}]
2017-03-10 09:31:08,387 ERROR [cn.dev.youngsmith.stockanalysis.util.JsonUtils] - to Object error
com.fasterxml.jackson.databind.JsonMappingException: Can not deserialize instance of cn.dev.youngsmith.stockanalysis.bean.StockInstantInfo out of START_ARRAY token
 at [Source: [{&quot;data&quot;:{&quot;buyFive&quot;:&quot;25700&quot;,&quot;buyFivePri&quot;:&quot;16.650&quot;,&quot;buyFour&quot;:&quot;20500&quot;,&quot;buyFourPri&quot;:&quot;16.700&quot;,&quot;buyOne&quot;:&quot;5500&quot;,&quot;buyOnePri&quot;:&quot;16.750&quot;,&quot;buyThree&quot;:&quot;1700&quot;,&quot;buyThreePri&quot;:&quot;16.710&quot;,&quot;buyTwo&quot;:&quot;500&quot;,&quot;buyTwoPri&quot;:&quot;16.730&quot;,&quot;competitivePri&quot;:&quot;16.750&quot;,&quot;date&quot;:&quot;2017-03-10&quot;,&quot;gid&quot;:&quot;sh601311&quot;,&quot;increPer&quot;:&quot;0.18&quot;,&quot;increase&quot;:&quot;0.030&quot;,&quot;name&quot;:&quot;骆驼股份&quot;,&quot;nowPri&quot;:&quot;16.780&quot;,&quot;reservePri&quot;:&quot;16.780&quot;,&quot;sellFive&quot;:&quot;2300&quot;,&quot;sellFivePri&quot;:&quot;16.850&quot;,&quot;sellFour&quot;:&quot;6700&quot;,&quot;sellFourPri&quot;:&quot;16.840&quot;,&quot;sellOne&quot;:&quot;800&quot;,&quot;sellOnePri&quot;:&quot;16.780&quot;,&quot;sellThree&quot;:&quot;8800&quot;,&quot;sellThreePri&quot;:&quot;16.830&quot;,&quot;sellTwo&quot;:&quot;900&quot;,&quot;sellTwoPri&quot;:&quot;16.790&quot;,&quot;time&quot;:&quot;09:31:04&quot;,&quot;todayMax&quot;:&quot;16.850&quot;,&quot;todayMin&quot;:&quot;16.780&quot;,&quot;todayStartPri&quot;:&quot;16.850&quot;,&quot;traAmount&quot;:&quot;630705.000&quot;,&quot;traNumber&quot;:&quot;375&quot;,&quot;yestodEndPri&quot;:&quot;16.750&quot;},&quot;dapandata&quot;:{&quot;dot&quot;:&quot;16.780&quot;,&quot;name&quot;:&quot;骆驼股份&quot;,&quot;nowPic&quot;:&quot;0.030&quot;,&quot;rate&quot;:&quot;0.18&quot;,&quot;traAmount&quot;:&quot;63&quot;,&quot;traNumber&quot;:&quot;375&quot;},&quot;gopicture&quot;:{&quot;minurl&quot;:&quot;http://image.sinajs.cn/newchart/min/n/sh601311.gif&quot;,&quot;dayurl&quot;:&quot;http://image.sinajs.cn/newchart/daily/n/sh601311.gif&quot;,&quot;weekurl&quot;:&quot;http://image.sinajs.cn/newchart/weekly/n/sh601311.gif&quot;,&quot;monthurl&quot;:&quot;http://image.sinajs.cn/newchart/monthly/n/sh601311.gif&quot;}}]; line: 1, column: 1]
	at com.fasterxml.jackson.databind.JsonMappingException.from(JsonMappingException.java:164)
	at com.fasterxml.jackson.databind.DeserializationContext.mappingException(DeserializationContext.java:749)
	at com.fasterxml.jackson.databind.DeserializationContext.mappingException(DeserializationContext.java:745)
	at com.fasterxml.jackson.databind.deser.BeanDeserializerBase.deserializeFromArray(BeanDeserializerBase.java:1210)
	at com.fasterxml.jackson.databind.deser.BeanDeserializer._deserializeOther(BeanDeserializer.java:151)
	at com.fasterxml.jackson.databind.deser.BeanDeserializer.deserialize(BeanDeserializer.java:126)
	at com.fasterxml.jackson.databind.ObjectMapper._readMapAndClose(ObjectMapper.java:3051)
	at com.fasterxml.jackson.databind.ObjectMapper.readValue(ObjectMapper.java:2146)
	at cn.dev.youngsmith.stockanalysis.util.JsonUtils.toObject(JsonUtils.java:132)
	at cn.dev.youngsmith.stockanalysis.parser.StockParser.parser(StockParser.java:11)
	at cn.dev.youngsmith.stockanalysis.StockParserTest.testParser(StockParserTest.java:49)
	at sun.reflect.NativeMethodAccessorImpl.invoke0(Native Method)
	at sun.reflect.NativeMethodAccessorImpl.invoke(NativeMethodAccessorImpl.java:57)
	at sun.reflect.DelegatingMethodAccessorImpl.invoke(DelegatingMethodAccessorImpl.java:43)
	at java.lang.reflect.Method.invoke(Method.java:606)
	at org.apache.maven.surefire.junit.PojoTestSet.executeTestMethod(PojoTestSet.java:151)
	at org.apache.maven.surefire.junit.PojoTestSet.executeTestMethods(PojoTestSet.java:102)
	at org.apache.maven.surefire.junit.PojoTestSet.execute(PojoTestSet.java:83)
	at org.apache.maven.surefire.junit.JUnit3Provider.executeTestSet(JUnit3Provider.java:121)
	at org.apache.maven.surefire.junit.JUnit3Provider.invoke(JUnit3Provider.java:98)
	at sun.reflect.NativeMethodAccessorImpl.invoke0(Native Method)
	at sun.reflect.NativeMethodAccessorImpl.invoke(NativeMethodAccessorImpl.java:57)
	at sun.reflect.DelegatingMethodAccessorImpl.invoke(DelegatingMethodAccessorImpl.java:43)
	at java.lang.reflect.Method.invoke(Method.java:606)
	at org.apache.maven.surefire.util.ReflectionUtils.invokeMethodWithArray(ReflectionUtils.java:189)
	at org.apache.maven.surefire.booter.ProviderFactory$ProviderProxy.invoke(ProviderFactory.java:165)
	at org.apache.maven.surefire.booter.ProviderFactory.invokeProvider(ProviderFactory.java:85)
	at org.apache.maven.surefire.booter.ForkedBooter.runSuitesInProcess(ForkedBooter.java:115)
	at org.apache.maven.surefire.booter.ForkedBooter.main(ForkedBooter.java:75)
</system-out>
    <system-err>cn.dev.youngsmith.stockanalysis.exception.StockException
	at cn.dev.youngsmith.stockanalysis.util.JsonUtils.toObject(JsonUtils.java:135)
	at cn.dev.youngsmith.stockanalysis.parser.StockParser.parser(StockParser.java:11)
	at cn.dev.youngsmith.stockanalysis.StockParserTest.testParser(StockParserTest.java:49)
	at sun.reflect.NativeMethodAccessorImpl.invoke0(Native Method)
	at sun.reflect.NativeMethodAccessorImpl.invoke(NativeMethodAccessorImpl.java:57)
	at sun.reflect.DelegatingMethodAccessorImpl.invoke(DelegatingMethodAccessorImpl.java:43)
	at java.lang.reflect.Method.invoke(Method.java:606)
	at org.apache.maven.surefire.junit.PojoTestSet.executeTestMethod(PojoTestSet.java:151)
	at org.apache.maven.surefire.junit.PojoTestSet.executeTestMethods(PojoTestSet.java:102)
	at org.apache.maven.surefire.junit.PojoTestSet.execute(PojoTestSet.java:83)
	at org.apache.maven.surefire.junit.JUnit3Provider.executeTestSet(JUnit3Provider.java:121)
	at org.apache.maven.surefire.junit.JUnit3Provider.invoke(JUnit3Provider.java:98)
	at sun.reflect.NativeMethodAccessorImpl.invoke0(Native Method)
	at sun.reflect.NativeMethodAccessorImpl.invoke(NativeMethodAccessorImpl.java:57)
	at sun.reflect.DelegatingMethodAccessorImpl.invoke(DelegatingMethodAccessorImpl.java:43)
	at java.lang.reflect.Method.invoke(Method.java:606)
	at org.apache.maven.surefire.util.ReflectionUtils.invokeMethodWithArray(ReflectionUtils.java:189)
	at org.apache.maven.surefire.booter.ProviderFactory$ProviderProxy.invoke(ProviderFactory.java:165)
	at org.apache.maven.surefire.booter.ProviderFactory.invokeProvider(ProviderFactory.java:85)
	at org.apache.maven.surefire.booter.ForkedBooter.runSuitesInProcess(ForkedBooter.java:115)
	at org.apache.maven.surefire.booter.ForkedBooter.main(ForkedBooter.java:75)
</system-err>
  </testcase>
</testsuite>